Determining if the pthread_create exist failed with the following output:
Change Dir: /home/ubuntu/Payload/Payload/ADLC/colorID/CMakeFiles/CMakeTmp

Run Build Command:"/usr/bin/make" "cmTC_4c7d2/fast"
/usr/bin/make -f CMakeFiles/cmTC_4c7d2.dir/build.make CMakeFiles/cmTC_4c7d2.dir/build
make[1]: Entering directory '/home/ubuntu/Payload/Payload/ADLC/colorID/CMakeFiles/CMakeTmp'
Building C object CMakeFiles/cmTC_4c7d2.dir/CheckSymbolExists.c.o
/usr/bin/cc    -fPIC    -o CMakeFiles/cmTC_4c7d2.dir/CheckSymbolExists.c.o   -c /home/ubuntu/Payload/Payload/ADLC/colorID/CMakeFiles/CMakeTmp/CheckSymbolExists.c
Linking C executable cmTC_4c7d2
/usr/bin/cmake -E cmake_link_script CMakeFiles/cmTC_4c7d2.dir/link.txt --verbose=1
/usr/bin/cc  -fPIC     CMakeFiles/cmTC_4c7d2.dir/CheckSymbolExists.c.o  -o cmTC_4c7d2 -rdynamic 
CMakeFiles/cmTC_4c7d2.dir/CheckSymbolExists.c.o: In function `main':
CheckSymbolExists.c:(.text+0x14): undefined reference to `pthread_create'
CheckSymbolExists.c:(.text+0x18): undefined reference to `pthread_create'
collect2: error: ld returned 1 exit status
CMakeFiles/cmTC_4c7d2.dir/build.make:97: recipe for target 'cmTC_4c7d2' failed
make[1]: *** [cmTC_4c7d2] Error 1
make[1]: Leaving directory '/home/ubuntu/Payload/Payload/ADLC/colorID/CMakeFiles/CMakeTmp'
Makefile:126: recipe for target 'cmTC_4c7d2/fast' failed
make: *** [cmTC_4c7d2/fast] Error 2

File /home/ubuntu/Payload/Payload/ADLC/colorID/CMakeFiles/CMakeTmp/CheckSymbolExists.c:
/* */
#include <pthread.h>

int main(int argc, char** argv)
{
  (void)argv;
#ifndef pthread_create
  return ((int*)(&pthread_create))[argc];
#else
  (void)argc;
  return 0;
#endif
}

Determining if the function pthread_create exists in the pthreads failed with the following output:
Change Dir: /home/ubuntu/Payload/Payload/ADLC/colorID/CMakeFiles/CMakeTmp

Run Build Command:"/usr/bin/make" "cmTC_bdc2c/fast"
/usr/bin/make -f CMakeFiles/cmTC_bdc2c.dir/build.make CMakeFiles/cmTC_bdc2c.dir/build
make[1]: Entering directory '/home/ubuntu/Payload/Payload/ADLC/colorID/CMakeFiles/CMakeTmp'
Building C object CMakeFiles/cmTC_bdc2c.dir/CheckFunctionExists.c.o
/usr/bin/cc    -fPIC -DCHECK_FUNCTION_EXISTS=pthread_create   -o CMakeFiles/cmTC_bdc2c.dir/CheckFunctionExists.c.o   -c /usr/share/cmake-3.5/Modules/CheckFunctionExists.c
Linking C executable cmTC_bdc2c
/usr/bin/cmake -E cmake_link_script CMakeFiles/cmTC_bdc2c.dir/link.txt --verbose=1
/usr/bin/cc  -fPIC -DCHECK_FUNCTION_EXISTS=pthread_create    CMakeFiles/cmTC_bdc2c.dir/CheckFunctionExists.c.o  -o cmTC_bdc2c -rdynamic -lpthreads 
/usr/bin/ld: cannot find -lpthreads
collect2: error: ld returned 1 exit status
CMakeFiles/cmTC_bdc2c.dir/build.make:97: recipe for target 'cmTC_bdc2c' failed
make[1]: *** [cmTC_bdc2c] Error 1
make[1]: Leaving directory '/home/ubuntu/Payload/Payload/ADLC/colorID/CMakeFiles/CMakeTmp'
Makefile:126: recipe for target 'cmTC_bdc2c/fast' failed
make: *** [cmTC_bdc2c/fast] Error 2


