Determining if the pthread_create exist failed with the following output:
Change Dir: /home/ubuntu/Payload/Payload/ADLC/LetterDetection/CMakeFiles/CMakeTmp

Run Build Command:"/usr/bin/make" "cmTC_2f97e/fast"
/usr/bin/make -f CMakeFiles/cmTC_2f97e.dir/build.make CMakeFiles/cmTC_2f97e.dir/build
make[1]: Entering directory '/home/ubuntu/Payload/Payload/ADLC/LetterDetection/CMakeFiles/CMakeTmp'
Building C object CMakeFiles/cmTC_2f97e.dir/CheckSymbolExists.c.o
/usr/bin/cc    -fPIC    -o CMakeFiles/cmTC_2f97e.dir/CheckSymbolExists.c.o   -c /home/ubuntu/Payload/Payload/ADLC/LetterDetection/CMakeFiles/CMakeTmp/CheckSymbolExists.c
Linking C executable cmTC_2f97e
/usr/bin/cmake -E cmake_link_script CMakeFiles/cmTC_2f97e.dir/link.txt --verbose=1
/usr/bin/cc  -fPIC     CMakeFiles/cmTC_2f97e.dir/CheckSymbolExists.c.o  -o cmTC_2f97e -rdynamic 
CMakeFiles/cmTC_2f97e.dir/CheckSymbolExists.c.o: In function `main':
CheckSymbolExists.c:(.text+0x14): undefined reference to `pthread_create'
CheckSymbolExists.c:(.text+0x18): undefined reference to `pthread_create'
collect2: error: ld returned 1 exit status
CMakeFiles/cmTC_2f97e.dir/build.make:97: recipe for target 'cmTC_2f97e' failed
make[1]: *** [cmTC_2f97e] Error 1
make[1]: Leaving directory '/home/ubuntu/Payload/Payload/ADLC/LetterDetection/CMakeFiles/CMakeTmp'
Makefile:126: recipe for target 'cmTC_2f97e/fast' failed
make: *** [cmTC_2f97e/fast] Error 2

File /home/ubuntu/Payload/Payload/ADLC/LetterDetection/CMakeFiles/CMakeTmp/CheckSymbolExists.c:
/* */
#include <pthread.h>

int main(int argc, char** argv)
{
  (void)argv;
#ifndef pthread_create
  return ((int*)(&pthread_create))[argc];
#else
  (void)argc;
  return 0;
#endif
}

Determining if the function pthread_create exists in the pthreads failed with the following output:
Change Dir: /home/ubuntu/Payload/Payload/ADLC/LetterDetection/CMakeFiles/CMakeTmp

Run Build Command:"/usr/bin/make" "cmTC_55eb9/fast"
/usr/bin/make -f CMakeFiles/cmTC_55eb9.dir/build.make CMakeFiles/cmTC_55eb9.dir/build
make[1]: Entering directory '/home/ubuntu/Payload/Payload/ADLC/LetterDetection/CMakeFiles/CMakeTmp'
Building C object CMakeFiles/cmTC_55eb9.dir/CheckFunctionExists.c.o
/usr/bin/cc    -fPIC -DCHECK_FUNCTION_EXISTS=pthread_create   -o CMakeFiles/cmTC_55eb9.dir/CheckFunctionExists.c.o   -c /usr/share/cmake-3.5/Modules/CheckFunctionExists.c
Linking C executable cmTC_55eb9
/usr/bin/cmake -E cmake_link_script CMakeFiles/cmTC_55eb9.dir/link.txt --verbose=1
/usr/bin/cc  -fPIC -DCHECK_FUNCTION_EXISTS=pthread_create    CMakeFiles/cmTC_55eb9.dir/CheckFunctionExists.c.o  -o cmTC_55eb9 -rdynamic -lpthreads 
/usr/bin/ld: cannot find -lpthreads
collect2: error: ld returned 1 exit status
CMakeFiles/cmTC_55eb9.dir/build.make:97: recipe for target 'cmTC_55eb9' failed
make[1]: *** [cmTC_55eb9] Error 1
make[1]: Leaving directory '/home/ubuntu/Payload/Payload/ADLC/LetterDetection/CMakeFiles/CMakeTmp'
Makefile:126: recipe for target 'cmTC_55eb9/fast' failed
make: *** [cmTC_55eb9/fast] Error 2


Determining if the pthread_create exist failed with the following output:
Change Dir: /home/ubuntu/Payload/Payload/ADLC/LetterDetection/CMakeFiles/CMakeTmp

Run Build Command:"/usr/bin/make" "cmTC_e7460/fast"
/usr/bin/make -f CMakeFiles/cmTC_e7460.dir/build.make CMakeFiles/cmTC_e7460.dir/build
make[1]: Entering directory '/home/ubuntu/Payload/Payload/ADLC/LetterDetection/CMakeFiles/CMakeTmp'
Building C object CMakeFiles/cmTC_e7460.dir/CheckSymbolExists.c.o
/usr/bin/cc    -fPIC    -o CMakeFiles/cmTC_e7460.dir/CheckSymbolExists.c.o   -c /home/ubuntu/Payload/Payload/ADLC/LetterDetection/CMakeFiles/CMakeTmp/CheckSymbolExists.c
Linking C executable cmTC_e7460
/usr/bin/cmake -E cmake_link_script CMakeFiles/cmTC_e7460.dir/link.txt --verbose=1
/usr/bin/cc  -fPIC     CMakeFiles/cmTC_e7460.dir/CheckSymbolExists.c.o  -o cmTC_e7460 -rdynamic 
CMakeFiles/cmTC_e7460.dir/CheckSymbolExists.c.o: In function `main':
CheckSymbolExists.c:(.text+0x14): undefined reference to `pthread_create'
CheckSymbolExists.c:(.text+0x18): undefined reference to `pthread_create'
collect2: error: ld returned 1 exit status
CMakeFiles/cmTC_e7460.dir/build.make:97: recipe for target 'cmTC_e7460' failed
make[1]: *** [cmTC_e7460] Error 1
make[1]: Leaving directory '/home/ubuntu/Payload/Payload/ADLC/LetterDetection/CMakeFiles/CMakeTmp'
Makefile:126: recipe for target 'cmTC_e7460/fast' failed
make: *** [cmTC_e7460/fast] Error 2

File /home/ubuntu/Payload/Payload/ADLC/LetterDetection/CMakeFiles/CMakeTmp/CheckSymbolExists.c:
/* */
#include <pthread.h>

int main(int argc, char** argv)
{
  (void)argv;
#ifndef pthread_create
  return ((int*)(&pthread_create))[argc];
#else
  (void)argc;
  return 0;
#endif
}

Determining if the function pthread_create exists in the pthreads failed with the following output:
Change Dir: /home/ubuntu/Payload/Payload/ADLC/LetterDetection/CMakeFiles/CMakeTmp

Run Build Command:"/usr/bin/make" "cmTC_b9e6f/fast"
/usr/bin/make -f CMakeFiles/cmTC_b9e6f.dir/build.make CMakeFiles/cmTC_b9e6f.dir/build
make[1]: Entering directory '/home/ubuntu/Payload/Payload/ADLC/LetterDetection/CMakeFiles/CMakeTmp'
Building C object CMakeFiles/cmTC_b9e6f.dir/CheckFunctionExists.c.o
/usr/bin/cc    -fPIC -DCHECK_FUNCTION_EXISTS=pthread_create   -o CMakeFiles/cmTC_b9e6f.dir/CheckFunctionExists.c.o   -c /usr/share/cmake-3.5/Modules/CheckFunctionExists.c
Linking C executable cmTC_b9e6f
/usr/bin/cmake -E cmake_link_script CMakeFiles/cmTC_b9e6f.dir/link.txt --verbose=1
/usr/bin/cc  -fPIC -DCHECK_FUNCTION_EXISTS=pthread_create    CMakeFiles/cmTC_b9e6f.dir/CheckFunctionExists.c.o  -o cmTC_b9e6f -rdynamic -lpthreads 
/usr/bin/ld: cannot find -lpthreads
collect2: error: ld returned 1 exit status
CMakeFiles/cmTC_b9e6f.dir/build.make:97: recipe for target 'cmTC_b9e6f' failed
make[1]: *** [cmTC_b9e6f] Error 1
make[1]: Leaving directory '/home/ubuntu/Payload/Payload/ADLC/LetterDetection/CMakeFiles/CMakeTmp'
Makefile:126: recipe for target 'cmTC_b9e6f/fast' failed
make: *** [cmTC_b9e6f/fast] Error 2


